
 ____    _____      _      ____    _____           _____   ____    _____ 
/ ___|  |_   _|    / \    |  _ \  |_   _|         | ____| |___ \  | ____|
\___ \    | |     / _ \   | |_) |   | |    _____  |  _|     __) | |  _|  
 ___) |   | |    / ___ \  |  _ <    | |   |_____| | |___   / __/  | |___ 
|____/    |_|   /_/   \_\ |_| \_\   |_|           |_____| |_____| |_____|

Channel name : fudan0110
Having all peers join the channel...
Updating anchor peers for Alice...
Updating anchor peers for Bob...
Installing chaincode on peer0.Alice...
Install chaincode on peer0.Bob...
Instantiating chaincode on peer0.Alice...
CORE_PEER_TLS_ROOTCERT_FILE=/opt/gopath/src/github.com/hyperledger/fabric/peer/crypto/peerOrganizations/Alice.example.com/peers/peer0.Alice.example.com/tls/ca.crt
CORE_PEER_TLS_KEY_FILE=/opt/gopath/src/github.com/hyperledger/fabric/peer/crypto/peerOrganizations/Bob.example.com/peers/peer0.Bob.example.com/tls/server.key
CORE_PEER_LOCALMSPID=AliceMSP
CORE_VM_ENDPOINT=unix:///host/var/run/docker.sock
CORE_PEER_TLS_CERT_FILE=/opt/gopath/src/github.com/hyperledger/fabric/peer/crypto/peerOrganizations/Bob.example.com/peers/peer0.Bob.example.com/tls/server.crt
CORE_PEER_LOCALMSPTYPE=bccsp
CORE_PEER_TLS_ENABLED=true
CORE_PEER_MSPCONFIGPATH=/opt/gopath/src/github.com/hyperledger/fabric/peer/crypto/peerOrganizations/Alice.example.com/users/Admin@Alice.example.com/msp
CORE_PEER_ID=cli
CORE_LOGGING_LEVEL=DEBUG
CORE_PEER_ADDRESS=peer0.Alice.example.com:7051
[36m2018-12-16 14:24:35.696 UTC [viperutil] getKeysRecursively -> DEBU 001[0m Found map[string]interface{} value for peer.BCCSP
[36m2018-12-16 14:24:35.696 UTC [viperutil] unmarshalJSON -> DEBU 002[0m Unmarshal JSON: value cannot be unmarshalled: invalid character 'S' looking for beginning of value
[36m2018-12-16 14:24:35.696 UTC [viperutil] getKeysRecursively -> DEBU 003[0m Found real value for peer.BCCSP.Default setting to string SW
[36m2018-12-16 14:24:35.696 UTC [viperutil] getKeysRecursively -> DEBU 004[0m Found map[string]interface{} value for peer.BCCSP.SW
[36m2018-12-16 14:24:35.696 UTC [viperutil] unmarshalJSON -> DEBU 005[0m Unmarshal JSON: value is not a string: 256
[36m2018-12-16 14:24:35.696 UTC [viperutil] getKeysRecursively -> DEBU 006[0m Found real value for peer.BCCSP.SW.Security setting to int 256
[36m2018-12-16 14:24:35.696 UTC [viperutil] getKeysRecursively -> DEBU 007[0m Found map[string]interface{} value for peer.BCCSP.SW.FileKeyStore
[36m2018-12-16 14:24:35.696 UTC [viperutil] unmarshalJSON -> DEBU 008[0m Unmarshal JSON: value cannot be unmarshalled: unexpected end of JSON input
[36m2018-12-16 14:24:35.696 UTC [viperutil] getKeysRecursively -> DEBU 009[0m Found real value for peer.BCCSP.SW.FileKeyStore.KeyStore setting to string 
[36m2018-12-16 14:24:35.696 UTC [viperutil] unmarshalJSON -> DEBU 00a[0m Unmarshal JSON: value cannot be unmarshalled: invalid character 'S' looking for beginning of value
[36m2018-12-16 14:24:35.696 UTC [viperutil] getKeysRecursively -> DEBU 00b[0m Found real value for peer.BCCSP.SW.Hash setting to string SHA2
[36m2018-12-16 14:24:35.696 UTC [viperutil] getKeysRecursively -> DEBU 00c[0m Found map[string]interface{} value for peer.BCCSP.PKCS11
[36m2018-12-16 14:24:35.696 UTC [viperutil] unmarshalJSON -> DEBU 00d[0m Unmarshal JSON: value is not a string: <nil>
[36m2018-12-16 14:24:35.697 UTC [viperutil] getKeysRecursively -> DEBU 00e[0m Found real value for peer.BCCSP.PKCS11.Pin setting to <nil> <nil>
[36m2018-12-16 14:24:35.697 UTC [viperutil] unmarshalJSON -> DEBU 00f[0m Unmarshal JSON: value is not a string: <nil>
[36m2018-12-16 14:24:35.697 UTC [viperutil] getKeysRecursively -> DEBU 010[0m Found real value for peer.BCCSP.PKCS11.Hash setting to <nil> <nil>
[36m2018-12-16 14:24:35.697 UTC [viperutil] unmarshalJSON -> DEBU 011[0m Unmarshal JSON: value is not a string: <nil>
[36m2018-12-16 14:24:35.697 UTC [viperutil] getKeysRecursively -> DEBU 012[0m Found real value for peer.BCCSP.PKCS11.Security setting to <nil> <nil>
[36m2018-12-16 14:24:35.697 UTC [viperutil] getKeysRecursively -> DEBU 013[0m Found map[string]interface{} value for peer.BCCSP.PKCS11.FileKeyStore
[36m2018-12-16 14:24:35.697 UTC [viperutil] unmarshalJSON -> DEBU 014[0m Unmarshal JSON: value is not a string: <nil>
[36m2018-12-16 14:24:35.697 UTC [viperutil] getKeysRecursively -> DEBU 015[0m Found real value for peer.BCCSP.PKCS11.FileKeyStore.KeyStore setting to <nil> <nil>
[36m2018-12-16 14:24:35.697 UTC [viperutil] unmarshalJSON -> DEBU 016[0m Unmarshal JSON: value is not a string: <nil>
[36m2018-12-16 14:24:35.697 UTC [viperutil] getKeysRecursively -> DEBU 017[0m Found real value for peer.BCCSP.PKCS11.Library setting to <nil> <nil>
[36m2018-12-16 14:24:35.697 UTC [viperutil] unmarshalJSON -> DEBU 018[0m Unmarshal JSON: value is not a string: <nil>
[36m2018-12-16 14:24:35.697 UTC [viperutil] getKeysRecursively -> DEBU 019[0m Found real value for peer.BCCSP.PKCS11.Label setting to <nil> <nil>
[36m2018-12-16 14:24:35.697 UTC [viperutil] EnhancedExactUnmarshalKey -> DEBU 01a[0m map[peer.BCCSP:map[Default:SW SW:map[Security:256 FileKeyStore:map[KeyStore:] Hash:SHA2] PKCS11:map[Hash:<nil> Security:<nil> FileKeyStore:map[KeyStore:<nil>] Library:<nil> Label:<nil> Pin:<nil>]]]
[36m2018-12-16 14:24:35.697 UTC [bccsp_sw] openKeyStore -> DEBU 01b[0m KeyStore opened at [/opt/gopath/src/github.com/hyperledger/fabric/peer/crypto/peerOrganizations/Alice.example.com/users/Admin@Alice.example.com/msp/keystore]...done
[36m2018-12-16 14:24:35.698 UTC [bccsp] initBCCSP -> DEBU 01c[0m Initialize BCCSP [SW]
[36m2018-12-16 14:24:35.698 UTC [msp] getPemMaterialFromDir -> DEBU 01d[0m Reading directory /opt/gopath/src/github.com/hyperledger/fabric/peer/crypto/peerOrganizations/Alice.example.com/users/Admin@Alice.example.com/msp/signcerts
[36m2018-12-16 14:24:35.698 UTC [msp] getPemMaterialFromDir -> DEBU 01e[0m Inspecting file /opt/gopath/src/github.com/hyperledger/fabric/peer/crypto/peerOrganizations/Alice.example.com/users/Admin@Alice.example.com/msp/signcerts/Admin@Alice.example.com-cert.pem
[36m2018-12-16 14:24:35.698 UTC [msp] getPemMaterialFromDir -> DEBU 01f[0m Reading directory /opt/gopath/src/github.com/hyperledger/fabric/peer/crypto/peerOrganizations/Alice.example.com/users/Admin@Alice.example.com/msp/cacerts
[36m2018-12-16 14:24:35.698 UTC [msp] getPemMaterialFromDir -> DEBU 020[0m Inspecting file /opt/gopath/src/github.com/hyperledger/fabric/peer/crypto/peerOrganizations/Alice.example.com/users/Admin@Alice.example.com/msp/cacerts/ca.Alice.example.com-cert.pem
[36m2018-12-16 14:24:35.698 UTC [msp] getPemMaterialFromDir -> DEBU 021[0m Reading directory /opt/gopath/src/github.com/hyperledger/fabric/peer/crypto/peerOrganizations/Alice.example.com/users/Admin@Alice.example.com/msp/admincerts
[36m2018-12-16 14:24:35.698 UTC [msp] getPemMaterialFromDir -> DEBU 022[0m Inspecting file /opt/gopath/src/github.com/hyperledger/fabric/peer/crypto/peerOrganizations/Alice.example.com/users/Admin@Alice.example.com/msp/admincerts/Admin@Alice.example.com-cert.pem
[36m2018-12-16 14:24:35.698 UTC [msp] getPemMaterialFromDir -> DEBU 023[0m Reading directory /opt/gopath/src/github.com/hyperledger/fabric/peer/crypto/peerOrganizations/Alice.example.com/users/Admin@Alice.example.com/msp/intermediatecerts
[36m2018-12-16 14:24:35.698 UTC [msp] getMspConfig -> DEBU 024[0m Intermediate certs folder not found at [/opt/gopath/src/github.com/hyperledger/fabric/peer/crypto/peerOrganizations/Alice.example.com/users/Admin@Alice.example.com/msp/intermediatecerts]. Skipping. [stat /opt/gopath/src/github.com/hyperledger/fabric/peer/crypto/peerOrganizations/Alice.example.com/users/Admin@Alice.example.com/msp/intermediatecerts: no such file or directory]
[36m2018-12-16 14:24:35.698 UTC [msp] getPemMaterialFromDir -> DEBU 025[0m Reading directory /opt/gopath/src/github.com/hyperledger/fabric/peer/crypto/peerOrganizations/Alice.example.com/users/Admin@Alice.example.com/msp/tlscacerts
[36m2018-12-16 14:24:35.698 UTC [msp] getPemMaterialFromDir -> DEBU 026[0m Inspecting file /opt/gopath/src/github.com/hyperledger/fabric/peer/crypto/peerOrganizations/Alice.example.com/users/Admin@Alice.example.com/msp/tlscacerts/tlsca.Alice.example.com-cert.pem
[36m2018-12-16 14:24:35.698 UTC [msp] getPemMaterialFromDir -> DEBU 027[0m Reading directory /opt/gopath/src/github.com/hyperledger/fabric/peer/crypto/peerOrganizations/Alice.example.com/users/Admin@Alice.example.com/msp/tlsintermediatecerts
[36m2018-12-16 14:24:35.698 UTC [msp] getMspConfig -> DEBU 028[0m TLS intermediate certs folder not found at [/opt/gopath/src/github.com/hyperledger/fabric/peer/crypto/peerOrganizations/Alice.example.com/users/Admin@Alice.example.com/msp/tlsintermediatecerts]. Skipping. [stat /opt/gopath/src/github.com/hyperledger/fabric/peer/crypto/peerOrganizations/Alice.example.com/users/Admin@Alice.example.com/msp/tlsintermediatecerts: no such file or directory]
[36m2018-12-16 14:24:35.698 UTC [msp] getPemMaterialFromDir -> DEBU 029[0m Reading directory /opt/gopath/src/github.com/hyperledger/fabric/peer/crypto/peerOrganizations/Alice.example.com/users/Admin@Alice.example.com/msp/crls
[36m2018-12-16 14:24:35.698 UTC [msp] getMspConfig -> DEBU 02a[0m crls folder not found at [/opt/gopath/src/github.com/hyperledger/fabric/peer/crypto/peerOrganizations/Alice.example.com/users/Admin@Alice.example.com/msp/crls]. Skipping. [stat /opt/gopath/src/github.com/hyperledger/fabric/peer/crypto/peerOrganizations/Alice.example.com/users/Admin@Alice.example.com/msp/crls: no such file or directory]
[36m2018-12-16 14:24:35.698 UTC [msp] getMspConfig -> DEBU 02b[0m MSP configuration file not found at [/opt/gopath/src/github.com/hyperledger/fabric/peer/crypto/peerOrganizations/Alice.example.com/users/Admin@Alice.example.com/msp/config.yaml]: [stat /opt/gopath/src/github.com/hyperledger/fabric/peer/crypto/peerOrganizations/Alice.example.com/users/Admin@Alice.example.com/msp/config.yaml: no such file or directory]
[36m2018-12-16 14:24:35.698 UTC [msp] newBccspMsp -> DEBU 02c[0m Creating BCCSP-based MSP instance
[36m2018-12-16 14:24:35.698 UTC [msp] New -> DEBU 02d[0m Creating Cache-MSP instance
[36m2018-12-16 14:24:35.698 UTC [msp] loadLocaMSP -> DEBU 02e[0m Created new local MSP
[36m2018-12-16 14:24:35.698 UTC [msp] Setup -> DEBU 02f[0m Setting up MSP instance AliceMSP
[36m2018-12-16 14:24:35.698 UTC [msp/identity] newIdentity -> DEBU 030[0m Creating identity instance for cert -----BEGIN CERTIFICATE-----
MIICRTCCAe2gAwIBAgIQVgvhaqMf41j08gvWzITEzDAKBggqhkjOPQQDAjB1MQsw
CQYDVQQGEwJVUzETMBEGA1UECBMKQ2FsaWZvcm5pYTEWMBQGA1UEBxMNU2FuIEZy
YW5jaXNjbzEaMBgGA1UEChMRQWxpY2UuZXhhbXBsZS5jb20xHTAbBgNVBAMTFGNh
LkFsaWNlLmV4YW1wbGUuY29tMB4XDTE4MTIxNjA5NDQwMFoXDTI4MTIxMzA5NDQw
MFowdTELMAkGA1UEBhMCVVMxEzARBgNVBAgTCkNhbGlmb3JuaWExFjAUBgNVBAcT
DVNhbiBGcmFuY2lzY28xGjAYBgNVBAoTEUFsaWNlLmV4YW1wbGUuY29tMR0wGwYD
VQQDExRjYS5BbGljZS5leGFtcGxlLmNvbTBZMBMGByqGSM49AgEGCCqGSM49AwEH
A0IABFu4RbG4XUbm5AD9onvqzG6EZYAoLaq2AKWlGu0Z4M7cDzUNqYIGZJcTZ7l4
EBcsobIDP+M67QW4ExXOvw+jRm6jXzBdMA4GA1UdDwEB/wQEAwIBpjAPBgNVHSUE
CDAGBgRVHSUAMA8GA1UdEwEB/wQFMAMBAf8wKQYDVR0OBCIEIJi5ltSjPOX0xlLv
6GyB0gq2WXTyK51xANUO+rkbjhjzMAoGCCqGSM49BAMCA0YAMEMCH3ctuBpoQ80g
0SG4DDBWWQwDAssFdtJhaeQLXP6cqOkCICmzOcKufhVga53wYt7d7JF1gwPVXAlv
WL8Zy37zfAZU
-----END CERTIFICATE-----
[36m2018-12-16 14:24:35.698 UTC [msp/identity] newIdentity -> DEBU 031[0m Creating identity instance for cert -----BEGIN CERTIFICATE-----
MIICLDCCAdOgAwIBAgIQQ+OWqnA3JFG0d38b5rxuPjAKBggqhkjOPQQDAjB1MQsw
CQYDVQQGEwJVUzETMBEGA1UECBMKQ2FsaWZvcm5pYTEWMBQGA1UEBxMNU2FuIEZy
YW5jaXNjbzEaMBgGA1UEChMRQWxpY2UuZXhhbXBsZS5jb20xHTAbBgNVBAMTFGNh
LkFsaWNlLmV4YW1wbGUuY29tMB4XDTE4MTIxNjA5NDQwMFoXDTI4MTIxMzA5NDQw
MFowbTELMAkGA1UEBhMCVVMxEzARBgNVBAgTCkNhbGlmb3JuaWExFjAUBgNVBAcT
DVNhbiBGcmFuY2lzY28xDzANBgNVBAsTBmNsaWVudDEgMB4GA1UEAwwXQWRtaW5A
QWxpY2UuZXhhbXBsZS5jb20wWTATBgcqhkjOPQIBBggqhkjOPQMBBwNCAAQnZIlR
/1wrKIwAROJ4KrG/f2TScH8doTj9vgwZCyoFiF11EnHX21IA+G2umNZAW56gPKpH
/x7exHpqVBTszsBPo00wSzAOBgNVHQ8BAf8EBAMCB4AwDAYDVR0TAQH/BAIwADAr
BgNVHSMEJDAigCCYuZbUozzl9MZS7+hsgdIKtll08iudcQDVDvq5G44Y8zAKBggq
hkjOPQQDAgNHADBEAiBFD7WtzjxYcEvAriu4+e83xeF6ya2J4voOu0YwnYXEaAIg
ELmbIHlfvwS0tqZmEMj7tOyykNpntIECLJWjt1/Ug1c=
-----END CERTIFICATE-----
[36m2018-12-16 14:24:35.711 UTC [msp/identity] newIdentity -> DEBU 032[0m Creating identity instance for cert -----BEGIN CERTIFICATE-----
MIICLDCCAdOgAwIBAgIQQ+OWqnA3JFG0d38b5rxuPjAKBggqhkjOPQQDAjB1MQsw
CQYDVQQGEwJVUzETMBEGA1UECBMKQ2FsaWZvcm5pYTEWMBQGA1UEBxMNU2FuIEZy
YW5jaXNjbzEaMBgGA1UEChMRQWxpY2UuZXhhbXBsZS5jb20xHTAbBgNVBAMTFGNh
LkFsaWNlLmV4YW1wbGUuY29tMB4XDTE4MTIxNjA5NDQwMFoXDTI4MTIxMzA5NDQw
MFowbTELMAkGA1UEBhMCVVMxEzARBgNVBAgTCkNhbGlmb3JuaWExFjAUBgNVBAcT
DVNhbiBGcmFuY2lzY28xDzANBgNVBAsTBmNsaWVudDEgMB4GA1UEAwwXQWRtaW5A
QWxpY2UuZXhhbXBsZS5jb20wWTATBgcqhkjOPQIBBggqhkjOPQMBBwNCAAQnZIlR
/1wrKIwAROJ4KrG/f2TScH8doTj9vgwZCyoFiF11EnHX21IA+G2umNZAW56gPKpH
/x7exHpqVBTszsBPo00wSzAOBgNVHQ8BAf8EBAMCB4AwDAYDVR0TAQH/BAIwADAr
BgNVHSMEJDAigCCYuZbUozzl9MZS7+hsgdIKtll08iudcQDVDvq5G44Y8zAKBggq
hkjOPQQDAgNHADBEAiBFD7WtzjxYcEvAriu4+e83xeF6ya2J4voOu0YwnYXEaAIg
ELmbIHlfvwS0tqZmEMj7tOyykNpntIECLJWjt1/Ug1c=
-----END CERTIFICATE-----
[36m2018-12-16 14:24:35.711 UTC [bccsp_sw] loadPrivateKey -> DEBU 033[0m Loading private key [fc03758dad26cf3ecd17e963059476746e7b37b3bd1ef56b58d403b65cf6e7a2] at [/opt/gopath/src/github.com/hyperledger/fabric/peer/crypto/peerOrganizations/Alice.example.com/users/Admin@Alice.example.com/msp/keystore/fc03758dad26cf3ecd17e963059476746e7b37b3bd1ef56b58d403b65cf6e7a2_sk]...
[36m2018-12-16 14:24:35.711 UTC [msp/identity] newIdentity -> DEBU 034[0m Creating identity instance for cert -----BEGIN CERTIFICATE-----
MIICLDCCAdOgAwIBAgIQQ+OWqnA3JFG0d38b5rxuPjAKBggqhkjOPQQDAjB1MQsw
CQYDVQQGEwJVUzETMBEGA1UECBMKQ2FsaWZvcm5pYTEWMBQGA1UEBxMNU2FuIEZy
YW5jaXNjbzEaMBgGA1UEChMRQWxpY2UuZXhhbXBsZS5jb20xHTAbBgNVBAMTFGNh
LkFsaWNlLmV4YW1wbGUuY29tMB4XDTE4MTIxNjA5NDQwMFoXDTI4MTIxMzA5NDQw
MFowbTELMAkGA1UEBhMCVVMxEzARBgNVBAgTCkNhbGlmb3JuaWExFjAUBgNVBAcT
DVNhbiBGcmFuY2lzY28xDzANBgNVBAsTBmNsaWVudDEgMB4GA1UEAwwXQWRtaW5A
QWxpY2UuZXhhbXBsZS5jb20wWTATBgcqhkjOPQIBBggqhkjOPQMBBwNCAAQnZIlR
/1wrKIwAROJ4KrG/f2TScH8doTj9vgwZCyoFiF11EnHX21IA+G2umNZAW56gPKpH
/x7exHpqVBTszsBPo00wSzAOBgNVHQ8BAf8EBAMCB4AwDAYDVR0TAQH/BAIwADAr
BgNVHSMEJDAigCCYuZbUozzl9MZS7+hsgdIKtll08iudcQDVDvq5G44Y8zAKBggq
hkjOPQQDAgNHADBEAiBFD7WtzjxYcEvAriu4+e83xeF6ya2J4voOu0YwnYXEaAIg
ELmbIHlfvwS0tqZmEMj7tOyykNpntIECLJWjt1/Ug1c=
-----END CERTIFICATE-----
[36m2018-12-16 14:24:35.711 UTC [msp] setupSigningIdentity -> DEBU 035[0m Signing identity expires at 2028-12-13 09:44:00 +0000 UTC
[36m2018-12-16 14:24:35.711 UTC [msp] Validate -> DEBU 036[0m MSP AliceMSP validating identity
[36m2018-12-16 14:24:35.712 UTC [grpc] DialContext -> DEBU 037[0m parsed scheme: ""
[36m2018-12-16 14:24:35.712 UTC [grpc] DialContext -> DEBU 038[0m scheme "" not registered, fallback to default scheme
[36m2018-12-16 14:24:35.712 UTC [grpc] watcher -> DEBU 039[0m ccResolverWrapper: sending new addresses to cc: [{peer0.Alice.example.com:7051 0  <nil>}]
[36m2018-12-16 14:24:35.712 UTC [grpc] switchBalancer -> DEBU 03a[0m ClientConn switching balancer to "pick_first"
[36m2018-12-16 14:24:35.712 UTC [grpc] HandleSubConnStateChange -> DEBU 03b[0m pickfirstBalancer: HandleSubConnStateChange: 0xc4204bb450, CONNECTING
[36m2018-12-16 14:24:35.714 UTC [grpc] HandleSubConnStateChange -> DEBU 03c[0m pickfirstBalancer: HandleSubConnStateChange: 0xc4204bb450, READY
[36m2018-12-16 14:24:35.715 UTC [grpc] DialContext -> DEBU 03d[0m parsed scheme: ""
[36m2018-12-16 14:24:35.715 UTC [grpc] DialContext -> DEBU 03e[0m scheme "" not registered, fallback to default scheme
[36m2018-12-16 14:24:35.715 UTC [grpc] watcher -> DEBU 03f[0m ccResolverWrapper: sending new addresses to cc: [{peer0.Alice.example.com:7051 0  <nil>}]
[36m2018-12-16 14:24:35.715 UTC [grpc] switchBalancer -> DEBU 040[0m ClientConn switching balancer to "pick_first"
[36m2018-12-16 14:24:35.715 UTC [grpc] HandleSubConnStateChange -> DEBU 041[0m pickfirstBalancer: HandleSubConnStateChange: 0xc42059b7b0, CONNECTING
[36m2018-12-16 14:24:35.717 UTC [grpc] HandleSubConnStateChange -> DEBU 042[0m pickfirstBalancer: HandleSubConnStateChange: 0xc42059b7b0, READY
[36m2018-12-16 14:24:35.718 UTC [msp] GetDefaultSigningIdentity -> DEBU 043[0m Obtaining default signing identity
[36m2018-12-16 14:24:35.718 UTC [grpc] DialContext -> DEBU 044[0m parsed scheme: ""
[36m2018-12-16 14:24:35.718 UTC [grpc] DialContext -> DEBU 045[0m scheme "" not registered, fallback to default scheme
[36m2018-12-16 14:24:35.718 UTC [grpc] watcher -> DEBU 046[0m ccResolverWrapper: sending new addresses to cc: [{ordererBob.example.com:7050 0  <nil>}]
[36m2018-12-16 14:24:35.718 UTC [grpc] switchBalancer -> DEBU 047[0m ClientConn switching balancer to "pick_first"
[36m2018-12-16 14:24:35.718 UTC [grpc] HandleSubConnStateChange -> DEBU 048[0m pickfirstBalancer: HandleSubConnStateChange: 0xc4204e5ce0, CONNECTING
[36m2018-12-16 14:24:35.720 UTC [grpc] HandleSubConnStateChange -> DEBU 049[0m pickfirstBalancer: HandleSubConnStateChange: 0xc4204e5ce0, READY
[34m2018-12-16 14:24:35.720 UTC [chaincodeCmd] checkChaincodeCmdParams -> INFO 04a[0m Using default escc
[34m2018-12-16 14:24:35.720 UTC [chaincodeCmd] checkChaincodeCmdParams -> INFO 04b[0m Using default vscc
[36m2018-12-16 14:24:35.720 UTC [msp/identity] Sign -> DEBU 04c[0m Sign: plaintext: 0AC4070A6708031A0C08A3C0D9E00510...535010030A04657363630A0476736363 
[36m2018-12-16 14:24:35.720 UTC [msp/identity] Sign -> DEBU 04d[0m Sign: digest: 55A204893AED70C4486B2E0ABA3B36B68C84B8D70F22F0B3B4D9E91921D02F5D 
[36m2018-12-16 14:24:35.744 UTC [msp/identity] Sign -> DEBU 04e[0m Sign: plaintext: 0AC4070A6708031A0C08A3C0D9E00510...ABCD6603B39BB34EC1A8C9A25A3C3DC1 
[36m2018-12-16 14:24:35.744 UTC [msp/identity] Sign -> DEBU 04f[0m Sign: digest: 81682EE2F955FCA5E8CA69AA14AB882723BF51A34B2D25163373C23BA466F410 
===================== Chaincode is instantiated on peer0.org1 on channel 'fudan0110' ===================== 

Instantiating chaincode on peer0.Bob...
CORE_PEER_TLS_ROOTCERT_FILE=/opt/gopath/src/github.com/hyperledger/fabric/peer/crypto/peerOrganizations/Bob.example.com/peers/peer0.Bob.example.com/tls/ca.crt
CORE_PEER_TLS_KEY_FILE=/opt/gopath/src/github.com/hyperledger/fabric/peer/crypto/peerOrganizations/Bob.example.com/peers/peer0.Bob.example.com/tls/server.key
CORE_PEER_LOCALMSPID=BobMSP
CORE_VM_ENDPOINT=unix:///host/var/run/docker.sock
CORE_PEER_TLS_CERT_FILE=/opt/gopath/src/github.com/hyperledger/fabric/peer/crypto/peerOrganizations/Bob.example.com/peers/peer0.Bob.example.com/tls/server.crt
CORE_PEER_LOCALMSPTYPE=bccsp
CORE_PEER_TLS_ENABLED=true
CORE_PEER_MSPCONFIGPATH=/opt/gopath/src/github.com/hyperledger/fabric/peer/crypto/peerOrganizations/Bob.example.com/users/Admin@Bob.example.com/msp
CORE_PEER_ID=cli
CORE_LOGGING_LEVEL=DEBUG
CORE_PEER_ADDRESS=peer0.Bob.example.com:7051
[36m2018-12-16 14:24:35.804 UTC [viperutil] getKeysRecursively -> DEBU 001[0m Found map[string]interface{} value for peer.BCCSP
[36m2018-12-16 14:24:35.804 UTC [viperutil] getKeysRecursively -> DEBU 002[0m Found map[string]interface{} value for peer.BCCSP.PKCS11
[36m2018-12-16 14:24:35.805 UTC [viperutil] unmarshalJSON -> DEBU 003[0m Unmarshal JSON: value is not a string: <nil>
[36m2018-12-16 14:24:35.805 UTC [viperutil] getKeysRecursively -> DEBU 004[0m Found real value for peer.BCCSP.PKCS11.Label setting to <nil> <nil>
[36m2018-12-16 14:24:35.805 UTC [viperutil] unmarshalJSON -> DEBU 005[0m Unmarshal JSON: value is not a string: <nil>
[36m2018-12-16 14:24:35.805 UTC [viperutil] getKeysRecursively -> DEBU 006[0m Found real value for peer.BCCSP.PKCS11.Pin setting to <nil> <nil>
[36m2018-12-16 14:24:35.805 UTC [viperutil] unmarshalJSON -> DEBU 007[0m Unmarshal JSON: value is not a string: <nil>
[36m2018-12-16 14:24:35.805 UTC [viperutil] getKeysRecursively -> DEBU 008[0m Found real value for peer.BCCSP.PKCS11.Hash setting to <nil> <nil>
[36m2018-12-16 14:24:35.805 UTC [viperutil] unmarshalJSON -> DEBU 009[0m Unmarshal JSON: value is not a string: <nil>
[36m2018-12-16 14:24:35.805 UTC [viperutil] getKeysRecursively -> DEBU 00a[0m Found real value for peer.BCCSP.PKCS11.Security setting to <nil> <nil>
[36m2018-12-16 14:24:35.805 UTC [viperutil] getKeysRecursively -> DEBU 00b[0m Found map[string]interface{} value for peer.BCCSP.PKCS11.FileKeyStore
[36m2018-12-16 14:24:35.806 UTC [viperutil] unmarshalJSON -> DEBU 00c[0m Unmarshal JSON: value is not a string: <nil>
[36m2018-12-16 14:24:35.806 UTC [viperutil] getKeysRecursively -> DEBU 00d[0m Found real value for peer.BCCSP.PKCS11.FileKeyStore.KeyStore setting to <nil> <nil>
[36m2018-12-16 14:24:35.806 UTC [viperutil] unmarshalJSON -> DEBU 00e[0m Unmarshal JSON: value is not a string: <nil>
[36m2018-12-16 14:24:35.806 UTC [viperutil] getKeysRecursively -> DEBU 00f[0m Found real value for peer.BCCSP.PKCS11.Library setting to <nil> <nil>
[36m2018-12-16 14:24:35.806 UTC [viperutil] unmarshalJSON -> DEBU 010[0m Unmarshal JSON: value cannot be unmarshalled: invalid character 'S' looking for beginning of value
[36m2018-12-16 14:24:35.806 UTC [viperutil] getKeysRecursively -> DEBU 011[0m Found real value for peer.BCCSP.Default setting to string SW
[36m2018-12-16 14:24:35.806 UTC [viperutil] getKeysRecursively -> DEBU 012[0m Found map[string]interface{} value for peer.BCCSP.SW
[36m2018-12-16 14:24:35.806 UTC [viperutil] unmarshalJSON -> DEBU 013[0m Unmarshal JSON: value cannot be unmarshalled: invalid character 'S' looking for beginning of value
[36m2018-12-16 14:24:35.806 UTC [viperutil] getKeysRecursively -> DEBU 014[0m Found real value for peer.BCCSP.SW.Hash setting to string SHA2
[36m2018-12-16 14:24:35.806 UTC [viperutil] unmarshalJSON -> DEBU 015[0m Unmarshal JSON: value is not a string: 256
[36m2018-12-16 14:24:35.806 UTC [viperutil] getKeysRecursively -> DEBU 016[0m Found real value for peer.BCCSP.SW.Security setting to int 256
[36m2018-12-16 14:24:35.807 UTC [viperutil] getKeysRecursively -> DEBU 017[0m Found map[string]interface{} value for peer.BCCSP.SW.FileKeyStore
[36m2018-12-16 14:24:35.807 UTC [viperutil] unmarshalJSON -> DEBU 018[0m Unmarshal JSON: value cannot be unmarshalled: unexpected end of JSON input
[36m2018-12-16 14:24:35.807 UTC [viperutil] getKeysRecursively -> DEBU 019[0m Found real value for peer.BCCSP.SW.FileKeyStore.KeyStore setting to string 
[36m2018-12-16 14:24:35.807 UTC [viperutil] EnhancedExactUnmarshalKey -> DEBU 01a[0m map[peer.BCCSP:map[Default:SW SW:map[Hash:SHA2 Security:256 FileKeyStore:map[KeyStore:]] PKCS11:map[Label:<nil> Pin:<nil> Hash:<nil> Security:<nil> FileKeyStore:map[KeyStore:<nil>] Library:<nil>]]]
[36m2018-12-16 14:24:35.807 UTC [bccsp_sw] openKeyStore -> DEBU 01b[0m KeyStore opened at [/opt/gopath/src/github.com/hyperledger/fabric/peer/crypto/peerOrganizations/Bob.example.com/users/Admin@Bob.example.com/msp/keystore]...done
[36m2018-12-16 14:24:35.807 UTC [bccsp] initBCCSP -> DEBU 01c[0m Initialize BCCSP [SW]
[36m2018-12-16 14:24:35.807 UTC [msp] getPemMaterialFromDir -> DEBU 01d[0m Reading directory /opt/gopath/src/github.com/hyperledger/fabric/peer/crypto/peerOrganizations/Bob.example.com/users/Admin@Bob.example.com/msp/signcerts
[36m2018-12-16 14:24:35.807 UTC [msp] getPemMaterialFromDir -> DEBU 01e[0m Inspecting file /opt/gopath/src/github.com/hyperledger/fabric/peer/crypto/peerOrganizations/Bob.example.com/users/Admin@Bob.example.com/msp/signcerts/Admin@Bob.example.com-cert.pem
[36m2018-12-16 14:24:35.807 UTC [msp] getPemMaterialFromDir -> DEBU 01f[0m Reading directory /opt/gopath/src/github.com/hyperledger/fabric/peer/crypto/peerOrganizations/Bob.example.com/users/Admin@Bob.example.com/msp/cacerts
[36m2018-12-16 14:24:35.807 UTC [msp] getPemMaterialFromDir -> DEBU 020[0m Inspecting file /opt/gopath/src/github.com/hyperledger/fabric/peer/crypto/peerOrganizations/Bob.example.com/users/Admin@Bob.example.com/msp/cacerts/ca.Bob.example.com-cert.pem
[36m2018-12-16 14:24:35.807 UTC [msp] getPemMaterialFromDir -> DEBU 021[0m Reading directory /opt/gopath/src/github.com/hyperledger/fabric/peer/crypto/peerOrganizations/Bob.example.com/users/Admin@Bob.example.com/msp/admincerts
[36m2018-12-16 14:24:35.807 UTC [msp] getPemMaterialFromDir -> DEBU 022[0m Inspecting file /opt/gopath/src/github.com/hyperledger/fabric/peer/crypto/peerOrganizations/Bob.example.com/users/Admin@Bob.example.com/msp/admincerts/Admin@Bob.example.com-cert.pem
[36m2018-12-16 14:24:35.807 UTC [msp] getPemMaterialFromDir -> DEBU 023[0m Reading directory /opt/gopath/src/github.com/hyperledger/fabric/peer/crypto/peerOrganizations/Bob.example.com/users/Admin@Bob.example.com/msp/intermediatecerts
[36m2018-12-16 14:24:35.807 UTC [msp] getMspConfig -> DEBU 024[0m Intermediate certs folder not found at [/opt/gopath/src/github.com/hyperledger/fabric/peer/crypto/peerOrganizations/Bob.example.com/users/Admin@Bob.example.com/msp/intermediatecerts]. Skipping. [stat /opt/gopath/src/github.com/hyperledger/fabric/peer/crypto/peerOrganizations/Bob.example.com/users/Admin@Bob.example.com/msp/intermediatecerts: no such file or directory]
[36m2018-12-16 14:24:35.807 UTC [msp] getPemMaterialFromDir -> DEBU 025[0m Reading directory /opt/gopath/src/github.com/hyperledger/fabric/peer/crypto/peerOrganizations/Bob.example.com/users/Admin@Bob.example.com/msp/tlscacerts
[36m2018-12-16 14:24:35.807 UTC [msp] getPemMaterialFromDir -> DEBU 026[0m Inspecting file /opt/gopath/src/github.com/hyperledger/fabric/peer/crypto/peerOrganizations/Bob.example.com/users/Admin@Bob.example.com/msp/tlscacerts/tlsca.Bob.example.com-cert.pem
[36m2018-12-16 14:24:35.807 UTC [msp] getPemMaterialFromDir -> DEBU 027[0m Reading directory /opt/gopath/src/github.com/hyperledger/fabric/peer/crypto/peerOrganizations/Bob.example.com/users/Admin@Bob.example.com/msp/tlsintermediatecerts
[36m2018-12-16 14:24:35.807 UTC [msp] getMspConfig -> DEBU 028[0m TLS intermediate certs folder not found at [/opt/gopath/src/github.com/hyperledger/fabric/peer/crypto/peerOrganizations/Bob.example.com/users/Admin@Bob.example.com/msp/tlsintermediatecerts]. Skipping. [stat /opt/gopath/src/github.com/hyperledger/fabric/peer/crypto/peerOrganizations/Bob.example.com/users/Admin@Bob.example.com/msp/tlsintermediatecerts: no such file or directory]
[36m2018-12-16 14:24:35.807 UTC [msp] getPemMaterialFromDir -> DEBU 029[0m Reading directory /opt/gopath/src/github.com/hyperledger/fabric/peer/crypto/peerOrganizations/Bob.example.com/users/Admin@Bob.example.com/msp/crls
[36m2018-12-16 14:24:35.807 UTC [msp] getMspConfig -> DEBU 02a[0m crls folder not found at [/opt/gopath/src/github.com/hyperledger/fabric/peer/crypto/peerOrganizations/Bob.example.com/users/Admin@Bob.example.com/msp/crls]. Skipping. [stat /opt/gopath/src/github.com/hyperledger/fabric/peer/crypto/peerOrganizations/Bob.example.com/users/Admin@Bob.example.com/msp/crls: no such file or directory]
[36m2018-12-16 14:24:35.808 UTC [msp] getMspConfig -> DEBU 02b[0m MSP configuration file not found at [/opt/gopath/src/github.com/hyperledger/fabric/peer/crypto/peerOrganizations/Bob.example.com/users/Admin@Bob.example.com/msp/config.yaml]: [stat /opt/gopath/src/github.com/hyperledger/fabric/peer/crypto/peerOrganizations/Bob.example.com/users/Admin@Bob.example.com/msp/config.yaml: no such file or directory]
[36m2018-12-16 14:24:35.808 UTC [msp] newBccspMsp -> DEBU 02c[0m Creating BCCSP-based MSP instance
[36m2018-12-16 14:24:35.808 UTC [msp] New -> DEBU 02d[0m Creating Cache-MSP instance
[36m2018-12-16 14:24:35.808 UTC [msp] loadLocaMSP -> DEBU 02e[0m Created new local MSP
[36m2018-12-16 14:24:35.808 UTC [msp] Setup -> DEBU 02f[0m Setting up MSP instance BobMSP
[36m2018-12-16 14:24:35.808 UTC [msp/identity] newIdentity -> DEBU 030[0m Creating identity instance for cert -----BEGIN CERTIFICATE-----
MIICPzCCAeWgAwIBAgIQC3bNk7KsE/g84mSmJFg4NjAKBggqhkjOPQQDAjBxMQsw
CQYDVQQGEwJVUzETMBEGA1UECBMKQ2FsaWZvcm5pYTEWMBQGA1UEBxMNU2FuIEZy
YW5jaXNjbzEYMBYGA1UEChMPQm9iLmV4YW1wbGUuY29tMRswGQYDVQQDExJjYS5C
b2IuZXhhbXBsZS5jb20wHhcNMTgxMjE2MDk0NDAwWhcNMjgxMjEzMDk0NDAwWjBx
MQswCQYDVQQGEwJVUzETMBEGA1UECBMKQ2FsaWZvcm5pYTEWMBQGA1UEBxMNU2Fu
IEZyYW5jaXNjbzEYMBYGA1UEChMPQm9iLmV4YW1wbGUuY29tMRswGQYDVQQDExJj
YS5Cb2IuZXhhbXBsZS5jb20wWTATBgcqhkjOPQIBBggqhkjOPQMBBwNCAARjSKxj
QzgoTDC22OxM/us1XD95qScN3W1JW/7e2oQT4auiK/fIuFhc2968UVrLBJ5pv1iU
An7f85ErWE4Xhiv0o18wXTAOBgNVHQ8BAf8EBAMCAaYwDwYDVR0lBAgwBgYEVR0l
ADAPBgNVHRMBAf8EBTADAQH/MCkGA1UdDgQiBCC5M+ZHJXkKIPddvSCgzXJ0cmr0
/xX/JxoZhyHRFnXvfjAKBggqhkjOPQQDAgNIADBFAiEAtrP452KgVUfWDj790+fE
CrpLjyxEifpRpt9v0Livn2gCICeU6DDFmds4mvC3cZzcIbXi9UpB+r3VgYIgMzg5
Ywrx
-----END CERTIFICATE-----
[36m2018-12-16 14:24:35.808 UTC [msp/identity] newIdentity -> DEBU 031[0m Creating identity instance for cert -----BEGIN CERTIFICATE-----
MIICJjCCAc2gAwIBAgIQKh9F2zfNICMIpWdmDuouBzAKBggqhkjOPQQDAjBxMQsw
CQYDVQQGEwJVUzETMBEGA1UECBMKQ2FsaWZvcm5pYTEWMBQGA1UEBxMNU2FuIEZy
YW5jaXNjbzEYMBYGA1UEChMPQm9iLmV4YW1wbGUuY29tMRswGQYDVQQDExJjYS5C
b2IuZXhhbXBsZS5jb20wHhcNMTgxMjE2MDk0NDAwWhcNMjgxMjEzMDk0NDAwWjBr
MQswCQYDVQQGEwJVUzETMBEGA1UECBMKQ2FsaWZvcm5pYTEWMBQGA1UEBxMNU2Fu
IEZyYW5jaXNjbzEPMA0GA1UECxMGY2xpZW50MR4wHAYDVQQDDBVBZG1pbkBCb2Iu
ZXhhbXBsZS5jb20wWTATBgcqhkjOPQIBBggqhkjOPQMBBwNCAATKwKgDlBi3Ojz0
ExOi2iFC711jNGdnA8YHDuymHbTxuIFNNTrPTEru3xStcc4jjWoY4CjJU1NPRKpG
lGA/fo0bo00wSzAOBgNVHQ8BAf8EBAMCB4AwDAYDVR0TAQH/BAIwADArBgNVHSME
JDAigCC5M+ZHJXkKIPddvSCgzXJ0cmr0/xX/JxoZhyHRFnXvfjAKBggqhkjOPQQD
AgNHADBEAiBOGfdyUtszbAsRUituzju43LRKM9YAbzjBXkaA72LsTwIgfIDcerPN
5AosyTzFqIuCxDHR8CCaz7P27GTyAYB1ZUI=
-----END CERTIFICATE-----
[36m2018-12-16 14:24:35.826 UTC [msp/identity] newIdentity -> DEBU 032[0m Creating identity instance for cert -----BEGIN CERTIFICATE-----
MIICJjCCAc2gAwIBAgIQKh9F2zfNICMIpWdmDuouBzAKBggqhkjOPQQDAjBxMQsw
CQYDVQQGEwJVUzETMBEGA1UECBMKQ2FsaWZvcm5pYTEWMBQGA1UEBxMNU2FuIEZy
YW5jaXNjbzEYMBYGA1UEChMPQm9iLmV4YW1wbGUuY29tMRswGQYDVQQDExJjYS5C
b2IuZXhhbXBsZS5jb20wHhcNMTgxMjE2MDk0NDAwWhcNMjgxMjEzMDk0NDAwWjBr
MQswCQYDVQQGEwJVUzETMBEGA1UECBMKQ2FsaWZvcm5pYTEWMBQGA1UEBxMNU2Fu
IEZyYW5jaXNjbzEPMA0GA1UECxMGY2xpZW50MR4wHAYDVQQDDBVBZG1pbkBCb2Iu
ZXhhbXBsZS5jb20wWTATBgcqhkjOPQIBBggqhkjOPQMBBwNCAATKwKgDlBi3Ojz0
ExOi2iFC711jNGdnA8YHDuymHbTxuIFNNTrPTEru3xStcc4jjWoY4CjJU1NPRKpG
lGA/fo0bo00wSzAOBgNVHQ8BAf8EBAMCB4AwDAYDVR0TAQH/BAIwADArBgNVHSME
JDAigCC5M+ZHJXkKIPddvSCgzXJ0cmr0/xX/JxoZhyHRFnXvfjAKBggqhkjOPQQD
AgNHADBEAiBOGfdyUtszbAsRUituzju43LRKM9YAbzjBXkaA72LsTwIgfIDcerPN
5AosyTzFqIuCxDHR8CCaz7P27GTyAYB1ZUI=
-----END CERTIFICATE-----
[36m2018-12-16 14:24:35.826 UTC [bccsp_sw] loadPrivateKey -> DEBU 033[0m Loading private key [3a0d06a852d4620baf2458abbfaf9da9e907fe812a49e3e70af6dcd9cb12822e] at [/opt/gopath/src/github.com/hyperledger/fabric/peer/crypto/peerOrganizations/Bob.example.com/users/Admin@Bob.example.com/msp/keystore/3a0d06a852d4620baf2458abbfaf9da9e907fe812a49e3e70af6dcd9cb12822e_sk]...
[36m2018-12-16 14:24:35.826 UTC [msp/identity] newIdentity -> DEBU 034[0m Creating identity instance for cert -----BEGIN CERTIFICATE-----
MIICJjCCAc2gAwIBAgIQKh9F2zfNICMIpWdmDuouBzAKBggqhkjOPQQDAjBxMQsw
CQYDVQQGEwJVUzETMBEGA1UECBMKQ2FsaWZvcm5pYTEWMBQGA1UEBxMNU2FuIEZy
YW5jaXNjbzEYMBYGA1UEChMPQm9iLmV4YW1wbGUuY29tMRswGQYDVQQDExJjYS5C
b2IuZXhhbXBsZS5jb20wHhcNMTgxMjE2MDk0NDAwWhcNMjgxMjEzMDk0NDAwWjBr
MQswCQYDVQQGEwJVUzETMBEGA1UECBMKQ2FsaWZvcm5pYTEWMBQGA1UEBxMNU2Fu
IEZyYW5jaXNjbzEPMA0GA1UECxMGY2xpZW50MR4wHAYDVQQDDBVBZG1pbkBCb2Iu
ZXhhbXBsZS5jb20wWTATBgcqhkjOPQIBBggqhkjOPQMBBwNCAATKwKgDlBi3Ojz0
ExOi2iFC711jNGdnA8YHDuymHbTxuIFNNTrPTEru3xStcc4jjWoY4CjJU1NPRKpG
lGA/fo0bo00wSzAOBgNVHQ8BAf8EBAMCB4AwDAYDVR0TAQH/BAIwADArBgNVHSME
JDAigCC5M+ZHJXkKIPddvSCgzXJ0cmr0/xX/JxoZhyHRFnXvfjAKBggqhkjOPQQD
AgNHADBEAiBOGfdyUtszbAsRUituzju43LRKM9YAbzjBXkaA72LsTwIgfIDcerPN
5AosyTzFqIuCxDHR8CCaz7P27GTyAYB1ZUI=
-----END CERTIFICATE-----
[36m2018-12-16 14:24:35.826 UTC [msp] setupSigningIdentity -> DEBU 035[0m Signing identity expires at 2028-12-13 09:44:00 +0000 UTC
[36m2018-12-16 14:24:35.826 UTC [msp] Validate -> DEBU 036[0m MSP BobMSP validating identity
[36m2018-12-16 14:24:35.827 UTC [grpc] DialContext -> DEBU 037[0m parsed scheme: ""
[36m2018-12-16 14:24:35.827 UTC [grpc] DialContext -> DEBU 038[0m scheme "" not registered, fallback to default scheme
[36m2018-12-16 14:24:35.827 UTC [grpc] watcher -> DEBU 039[0m ccResolverWrapper: sending new addresses to cc: [{peer0.Bob.example.com:7051 0  <nil>}]
[36m2018-12-16 14:24:35.827 UTC [grpc] switchBalancer -> DEBU 03a[0m ClientConn switching balancer to "pick_first"
[36m2018-12-16 14:24:35.827 UTC [grpc] HandleSubConnStateChange -> DEBU 03b[0m pickfirstBalancer: HandleSubConnStateChange: 0xc420451500, CONNECTING
[36m2018-12-16 14:24:35.829 UTC [grpc] HandleSubConnStateChange -> DEBU 03c[0m pickfirstBalancer: HandleSubConnStateChange: 0xc420451500, READY
[36m2018-12-16 14:24:35.830 UTC [grpc] DialContext -> DEBU 03d[0m parsed scheme: ""
[36m2018-12-16 14:24:35.830 UTC [grpc] DialContext -> DEBU 03e[0m scheme "" not registered, fallback to default scheme
[36m2018-12-16 14:24:35.830 UTC [grpc] watcher -> DEBU 03f[0m ccResolverWrapper: sending new addresses to cc: [{peer0.Bob.example.com:7051 0  <nil>}]
[36m2018-12-16 14:24:35.830 UTC [grpc] switchBalancer -> DEBU 040[0m ClientConn switching balancer to "pick_first"
[36m2018-12-16 14:24:35.830 UTC [grpc] HandleSubConnStateChange -> DEBU 041[0m pickfirstBalancer: HandleSubConnStateChange: 0xc420599530, CONNECTING
[36m2018-12-16 14:24:35.832 UTC [grpc] HandleSubConnStateChange -> DEBU 042[0m pickfirstBalancer: HandleSubConnStateChange: 0xc420599530, READY
[36m2018-12-16 14:24:35.833 UTC [msp] GetDefaultSigningIdentity -> DEBU 043[0m Obtaining default signing identity
[36m2018-12-16 14:24:35.833 UTC [grpc] DialContext -> DEBU 044[0m parsed scheme: ""
[36m2018-12-16 14:24:35.833 UTC [grpc] DialContext -> DEBU 045[0m scheme "" not registered, fallback to default scheme
[36m2018-12-16 14:24:35.833 UTC [grpc] watcher -> DEBU 046[0m ccResolverWrapper: sending new addresses to cc: [{ordererBob.example.com:7050 0  <nil>}]
[36m2018-12-16 14:24:35.833 UTC [grpc] switchBalancer -> DEBU 047[0m ClientConn switching balancer to "pick_first"
[36m2018-12-16 14:24:35.833 UTC [grpc] HandleSubConnStateChange -> DEBU 048[0m pickfirstBalancer: HandleSubConnStateChange: 0xc42035e730, CONNECTING
[36m2018-12-16 14:24:35.835 UTC [grpc] HandleSubConnStateChange -> DEBU 049[0m pickfirstBalancer: HandleSubConnStateChange: 0xc42035e730, READY
[34m2018-12-16 14:24:35.835 UTC [chaincodeCmd] checkChaincodeCmdParams -> INFO 04a[0m Using default escc
[34m2018-12-16 14:24:35.835 UTC [chaincodeCmd] checkChaincodeCmdParams -> INFO 04b[0m Using default vscc
[36m2018-12-16 14:24:35.835 UTC [msp/identity] Sign -> DEBU 04c[0m Sign: plaintext: 0ABA070A6708031A0C08A3C0D9E00510...535010030A04657363630A0476736363 
[36m2018-12-16 14:24:35.835 UTC [msp/identity] Sign -> DEBU 04d[0m Sign: digest: 88ECF1B1A09A746AE65CA6D6C14B4CF66835C236B07D7A8DB033C9FE9C903695 
[36m2018-12-16 14:24:35.839 UTC [msp/identity] Sign -> DEBU 04e[0m Sign: plaintext: 0ABA070A6708031A0C08A3C0D9E00510...5B997B7B7B4A74460601B762DC5C66FD 
[36m2018-12-16 14:24:35.839 UTC [msp/identity] Sign -> DEBU 04f[0m Sign: digest: D0A957EA9F59782E0F5BCE4566D0C32BA4E529C60C14CB4A99A82A673F321895 
===================== Chaincode is instantiated on peer0.org2 on channel 'fudan0110' ===================== 

Querying chaincode on peer0.Alice...

===================== All GOOD, End-2-End execution completed ===================== 


 _____   _   _   ____            _____   ____    _____ 
| ____| | \ | | |  _ \          | ____| |___ \  | ____|
|  _|   |  \| | | | | |  _____  |  _|     __) | |  _|  
| |___  | |\  | | |_| | |_____| | |___   / __/  | |___ 
|_____| |_| \_| |____/          |_____| |_____| |_____|

